<?xml version="1.0" encoding="UTF-8"?>
<testsuite xmlns:xsi="http://www.w3.org/2001/XMLSchema-instance" xsi:noNamespaceSchemaLocation="https://maven.apache.org/surefire/maven-surefire-plugin/xsd/surefire-test-report-3.0.xsd" version="3.0" name="com.springcloud.discovery_server.DiscoveryServerApplicationTests" time="16.409" tests="1" errors="0" skipped="0" failures="0">
  <properties>
[...]
</properties>
  <testcase name="contextLoads" classname="com.springcloud.discovery_server.DiscoveryServerApplicationTests" time="1.832">
    <system-out><![CDATA[00:40:28.353 [main] INFO org.springframework.test.context.support.AnnotationConfigContextLoaderUtils -- Could not detect default configuration classes for test class [com.springcloud.discovery_server.DiscoveryServerApplicationTests]: DiscoveryServerApplicationTests does not declare any static, non-private, non-final, nested classes annotated with @Configuration.
00:40:30.068 [main] INFO org.springframework.boot.test.context.SpringBootTestContextBootstrapper -- Found @SpringBootConfiguration com.springcloud.discovery_server.DiscoveryServerApplication for test class com.springcloud.discovery_server.DiscoveryServerApplicationTests
00:40:30.645 [main] INFO org.springframework.boot.devtools.restart.RestartApplicationListener -- Restart disabled due to context in which it is running

  .   ____          _            __ _ _
 /\\ / ___'_ __ _ _(_)_ __  __ _ \ \ \ \
( ( )\___ | '_ | '_| | '_ \/ _` | \ \ \ \
 \\/  ___)| |_)| | | | | || (_| |  ) ) ) )
  '  |____| .__|_| |_|_| |_\__, | / / / /
 =========|_|==============|___/=/_/_/_/
 :: Spring Boot ::                (v3.2.3)

2024-04-10T00:40:31.667-03:00  INFO [discovery-service, , ] 25056 --- [discovery-service] [           main] [                                                 ] c.s.d.DiscoveryServerApplicationTests    : Starting DiscoveryServerApplicationTests using Java 21.0.1 with PID 25056 (started by Juanem in C:\Users\Juanem\OneDrive\Desktop\booking-manager-microservices\discovery-server)
2024-04-10T00:40:31.671-03:00  INFO [discovery-service, , ] 25056 --- [discovery-service] [           main] [                                                 ] c.s.d.DiscoveryServerApplicationTests    : No active profile set, falling back to 1 default profile: "default"
2024-04-10T00:40:31.832-03:00 DEBUG [discovery-service, , ] 25056 --- [discovery-service] [           main] [                                                 ] o.s.w.c.s.GenericWebApplicationContext   : Refreshing org.springframework.web.context.support.GenericWebApplicationContext@50cf5a23
2024-04-10T00:40:35.133-03:00  INFO [discovery-service, , ] 25056 --- [discovery-service] [           main] [                                                 ] o.s.cloud.context.scope.GenericScope     : BeanFactory id=ab2fa72f-509b-35dc-9eb4-a5a7be29b4c0
2024-04-10T00:40:35.448-03:00  WARN [discovery-service, , ] 25056 --- [discovery-service] [           main] [                                                 ] trationDelegate$BeanPostProcessorChecker : Bean 'org.springframework.cloud.client.loadbalancer.LoadBalancerAutoConfiguration$LoadBalancerInterceptorConfig' of type [org.springframework.cloud.client.loadbalancer.LoadBalancerAutoConfiguration$LoadBalancerInterceptorConfig] is not eligible for getting processed by all BeanPostProcessors (for example: not eligible for auto-proxying). The currently created BeanPostProcessor [lbRestClientPostProcessor] is declared through a non-static factory method on that class; consider declaring it as static instead.
2024-04-10T00:40:35.454-03:00  WARN [discovery-service, , ] 25056 --- [discovery-service] [           main] [                                                 ] trationDelegate$BeanPostProcessorChecker : Bean 'org.springframework.cloud.loadbalancer.config.BlockingLoadBalancerClientAutoConfiguration' of type [org.springframework.cloud.loadbalancer.config.BlockingLoadBalancerClientAutoConfiguration] is not eligible for getting processed by all BeanPostProcessors (for example: not eligible for auto-proxying). Is this bean getting eagerly injected into a currently created BeanPostProcessor [lbRestClientPostProcessor]? Check the corresponding BeanPostProcessor declaration and its dependencies.
2024-04-10T00:40:35.458-03:00  WARN [discovery-service, , ] 25056 --- [discovery-service] [           main] [                                                 ] trationDelegate$BeanPostProcessorChecker : Bean 'org.springframework.cloud.loadbalancer.config.LoadBalancerAutoConfiguration' of type [org.springframework.cloud.loadbalancer.config.LoadBalancerAutoConfiguration] is not eligible for getting processed by all BeanPostProcessors (for example: not eligible for auto-proxying). Is this bean getting eagerly injected into a currently created BeanPostProcessor [lbRestClientPostProcessor]? Check the corresponding BeanPostProcessor declaration and its dependencies.
2024-04-10T00:40:35.507-03:00  WARN [discovery-service, , ] 25056 --- [discovery-service] [           main] [                                                 ] trationDelegate$BeanPostProcessorChecker : Bean 'org.springframework.cloud.commons.config.CommonsConfigAutoConfiguration' of type [org.springframework.cloud.commons.config.CommonsConfigAutoConfiguration] is not eligible for getting processed by all BeanPostProcessors (for example: not eligible for auto-proxying). Is this bean getting eagerly injected into a currently created BeanPostProcessor [lbRestClientPostProcessor]? Check the corresponding BeanPostProcessor declaration and its dependencies.
2024-04-10T00:40:35.511-03:00  WARN [discovery-service, , ] 25056 --- [discovery-service] [           main] [                                                 ] trationDelegate$BeanPostProcessorChecker : Bean 'org.springframework.cloud.client.loadbalancer.LoadBalancerDefaultMappingsProviderAutoConfiguration' of type [org.springframework.cloud.client.loadbalancer.LoadBalancerDefaultMappingsProviderAutoConfiguration] is not eligible for getting processed by all BeanPostProcessors (for example: not eligible for auto-proxying). Is this bean getting eagerly injected into a currently created BeanPostProcessor [lbRestClientPostProcessor]? Check the corresponding BeanPostProcessor declaration and its dependencies.
2024-04-10T00:40:35.513-03:00  WARN [discovery-service, , ] 25056 --- [discovery-service] [           main] [                                                 ] trationDelegate$BeanPostProcessorChecker : Bean 'loadBalancerClientsDefaultsMappingsProvider' of type [org.springframework.cloud.client.loadbalancer.LoadBalancerDefaultMappingsProviderAutoConfiguration$$Lambda/0x00000219dc3d3278] is not eligible for getting processed by all BeanPostProcessors (for example: not eligible for auto-proxying). Is this bean getting eagerly injected into a currently created BeanPostProcessor [lbRestClientPostProcessor]? Check the corresponding BeanPostProcessor declaration and its dependencies.
2024-04-10T00:40:35.515-03:00  WARN [discovery-service, , ] 25056 --- [discovery-service] [           main] [                                                 ] trationDelegate$BeanPostProcessorChecker : Bean 'defaultsBindHandlerAdvisor' of type [org.springframework.cloud.commons.config.DefaultsBindHandlerAdvisor] is not eligible for getting processed by all BeanPostProcessors (for example: not eligible for auto-proxying). Is this bean getting eagerly injected into a currently created BeanPostProcessor [lbRestClientPostProcessor]? Check the corresponding BeanPostProcessor declaration and its dependencies.
2024-04-10T00:40:35.567-03:00  WARN [discovery-service, , ] 25056 --- [discovery-service] [           main] [                                                 ] trationDelegate$BeanPostProcessorChecker : Bean 'spring.cloud.loadbalancer-org.springframework.cloud.client.loadbalancer.LoadBalancerClientsProperties' of type [org.springframework.cloud.client.loadbalancer.LoadBalancerClientsProperties] is not eligible for getting processed by all BeanPostProcessors (for example: not eligible for auto-proxying). Is this bean getting eagerly injected into a currently created BeanPostProcessor [lbRestClientPostProcessor]? Check the corresponding BeanPostProcessor declaration and its dependencies.
2024-04-10T00:40:35.585-03:00  WARN [discovery-service, , ] 25056 --- [discovery-service] [           main] [                                                 ] trationDelegate$BeanPostProcessorChecker : Bean 'default.org.springframework.cloud.loadbalancer.config.LoadBalancerAutoConfiguration.LoadBalancerClientSpecification' of type [org.springframework.cloud.loadbalancer.annotation.LoadBalancerClientSpecification] is not eligible for getting processed by all BeanPostProcessors (for example: not eligible for auto-proxying). Is this bean getting eagerly injected into a currently created BeanPostProcessor [lbRestClientPostProcessor]? Check the corresponding BeanPostProcessor declaration and its dependencies.
2024-04-10T00:40:35.587-03:00  WARN [discovery-service, , ] 25056 --- [discovery-service] [           main] [                                                 ] trationDelegate$BeanPostProcessorChecker : Bean 'default.org.springframework.cloud.loadbalancer.config.BlockingLoadBalancerClientAutoConfiguration.LoadBalancerClientSpecification' of type [org.springframework.cloud.loadbalancer.annotation.LoadBalancerClientSpecification] is not eligible for getting processed by all BeanPostProcessors (for example: not eligible for auto-proxying). Is this bean getting eagerly injected into a currently created BeanPostProcessor [lbRestClientPostProcessor]? Check the corresponding BeanPostProcessor declaration and its dependencies.
2024-04-10T00:40:35.589-03:00  WARN [discovery-service, , ] 25056 --- [discovery-service] [           main] [                                                 ] trationDelegate$BeanPostProcessorChecker : Bean 'default.org.springframework.cloud.netflix.eureka.loadbalancer.LoadBalancerEurekaAutoConfiguration.LoadBalancerClientSpecification' of type [org.springframework.cloud.loadbalancer.annotation.LoadBalancerClientSpecification] is not eligible for getting processed by all BeanPostProcessors (for example: not eligible for auto-proxying). Is this bean getting eagerly injected into a currently created BeanPostProcessor [lbRestClientPostProcessor]? Check the corresponding BeanPostProcessor declaration and its dependencies.
2024-04-10T00:40:35.594-03:00  WARN [discovery-service, , ] 25056 --- [discovery-service] [           main] [                                                 ] trationDelegate$BeanPostProcessorChecker : Bean 'loadBalancerClientFactory' of type [org.springframework.cloud.loadbalancer.support.LoadBalancerClientFactory] is not eligible for getting processed by all BeanPostProcessors (for example: not eligible for auto-proxying). Is this bean getting eagerly injected into a currently created BeanPostProcessor [lbRestClientPostProcessor]? Check the corresponding BeanPostProcessor declaration and its dependencies.
2024-04-10T00:40:35.600-03:00  WARN [discovery-service, , ] 25056 --- [discovery-service] [           main] [                                                 ] trationDelegate$BeanPostProcessorChecker : Bean 'blockingLoadBalancerClient' of type [org.springframework.cloud.loadbalancer.blocking.client.BlockingLoadBalancerClient] is not eligible for getting processed by all BeanPostProcessors (for example: not eligible for auto-proxying). Is this bean getting eagerly injected into a currently created BeanPostProcessor [lbRestClientPostProcessor]? Check the corresponding BeanPostProcessor declaration and its dependencies.
2024-04-10T00:40:35.618-03:00  WARN [discovery-service, , ] 25056 --- [discovery-service] [           main] [                                                 ] trationDelegate$BeanPostProcessorChecker : Bean 'loadBalancerServiceInstanceCookieTransformer' of type [org.springframework.cloud.loadbalancer.core.LoadBalancerServiceInstanceCookieTransformer] is not eligible for getting processed by all BeanPostProcessors (for example: not eligible for auto-proxying). Is this bean getting eagerly injected into a currently created BeanPostProcessor [lbRestClientPostProcessor]? Check the corresponding BeanPostProcessor declaration and its dependencies.
2024-04-10T00:40:35.622-03:00  WARN [discovery-service, , ] 25056 --- [discovery-service] [           main] [                                                 ] trationDelegate$BeanPostProcessorChecker : Bean 'xForwarderHeadersTransformer' of type [org.springframework.cloud.loadbalancer.blocking.XForwardedHeadersTransformer] is not eligible for getting processed by all BeanPostProcessors (for example: not eligible for auto-proxying). Is this bean getting eagerly injected into a currently created BeanPostProcessor [lbRestClientPostProcessor]? Check the corresponding BeanPostProcessor declaration and its dependencies.
2024-04-10T00:40:35.624-03:00  WARN [discovery-service, , ] 25056 --- [discovery-service] [           main] [                                                 ] trationDelegate$BeanPostProcessorChecker : Bean 'org.springframework.cloud.client.loadbalancer.LoadBalancerAutoConfiguration' of type [org.springframework.cloud.client.loadbalancer.LoadBalancerAutoConfiguration] is not eligible for getting processed by all BeanPostProcessors (for example: not eligible for auto-proxying). Is this bean getting eagerly injected into a currently created BeanPostProcessor [lbRestClientPostProcessor]? Check the corresponding BeanPostProcessor declaration and its dependencies.
2024-04-10T00:40:35.627-03:00  WARN [discovery-service, , ] 25056 --- [discovery-service] [           main] [                                                 ] trationDelegate$BeanPostProcessorChecker : Bean 'loadBalancerRequestFactory' of type [org.springframework.cloud.client.loadbalancer.LoadBalancerRequestFactory] is not eligible for getting processed by all BeanPostProcessors (for example: not eligible for auto-proxying). Is this bean getting eagerly injected into a currently created BeanPostProcessor [lbRestClientPostProcessor]? Check the corresponding BeanPostProcessor declaration and its dependencies.
2024-04-10T00:40:35.630-03:00  WARN [discovery-service, , ] 25056 --- [discovery-service] [           main] [                                                 ] trationDelegate$BeanPostProcessorChecker : Bean 'loadBalancerInterceptor' of type [org.springframework.cloud.client.loadbalancer.LoadBalancerInterceptor] is not eligible for getting processed by all BeanPostProcessors (for example: not eligible for auto-proxying). Is this bean getting eagerly injected into a currently created BeanPostProcessor [lbRestClientPostProcessor]? Check the corresponding BeanPostProcessor declaration and its dependencies.
2024-04-10T00:40:36.913-03:00 DEBUG [discovery-service, , ] 25056 --- [discovery-service] [           main] [                                                 ] s.w.s.m.m.a.RequestMappingHandlerMapping : 4 mappings in 'requestMappingHandlerMapping'
2024-04-10T00:40:37.108-03:00 DEBUG [discovery-service, , ] 25056 --- [discovery-service] [           main] [                                                 ] o.s.w.s.handler.SimpleUrlHandlerMapping  : Patterns [/webjars/**, /**] in 'resourceHandlerMapping'
2024-04-10T00:40:37.475-03:00 DEBUG [discovery-service, , ] 25056 --- [discovery-service] [           main] [                                                 ] s.w.s.m.m.a.RequestMappingHandlerAdapter : ControllerAdvice beans: 0 @ModelAttribute, 0 @InitBinder, 1 RequestBodyAdvice, 1 ResponseBodyAdvice
2024-04-10T00:40:37.605-03:00 DEBUG [discovery-service, , ] 25056 --- [discovery-service] [           main] [                                                 ] .m.m.a.ExceptionHandlerExceptionResolver : ControllerAdvice beans: 0 @ExceptionHandler, 1 ResponseBodyAdvice
2024-04-10T00:40:40.314-03:00 DEBUG [discovery-service, , ] 25056 --- [discovery-service] [           main] [                                                 ] o.s.w.s.v.f.FreeMarkerConfigurer         : File system access not preferred: using SpringTemplateLoader
2024-04-10T00:40:40.588-03:00  WARN [discovery-service, , ] 25056 --- [discovery-service] [           main] [                                                 ] iguration$LoadBalancerCaffeineWarnLogger : Spring Cloud LoadBalancer is currently working with the default cache. While this cache implementation is useful for development and tests, it's recommended to use Caffeine cache in production.You can switch to using Caffeine cache, by adding it and org.springframework.cache.caffeine.CaffeineCacheManager to the classpath.
2024-04-10T00:40:41.260-03:00  INFO [discovery-service, , ] 25056 --- [discovery-service] [           main] [                                                 ] o.s.c.n.eureka.InstanceInfoFactory       : Setting initial instance status as: STARTING
2024-04-10T00:40:41.326-03:00  INFO [discovery-service, , ] 25056 --- [discovery-service] [           main] [                                                 ] com.netflix.discovery.DiscoveryClient    : Initializing Eureka in region us-east-1
2024-04-10T00:40:41.329-03:00  INFO [discovery-service, , ] 25056 --- [discovery-service] [           main] [                                                 ] com.netflix.discovery.DiscoveryClient    : Client configured to neither register nor query for data.
2024-04-10T00:40:41.356-03:00  INFO [discovery-service, , ] 25056 --- [discovery-service] [           main] [                                                 ] com.netflix.discovery.DiscoveryClient    : Discovery Client initialized at timestamp 1712720441354 with initial instances count: 0
2024-04-10T00:40:41.469-03:00  INFO [discovery-service, , ] 25056 --- [discovery-service] [           main] [                                                 ] c.n.eureka.DefaultEurekaServerContext    : Initializing ...
2024-04-10T00:40:41.473-03:00  WARN [discovery-service, , ] 25056 --- [discovery-service] [           main] [                                                 ] c.n.eureka.cluster.PeerEurekaNodes       : The replica size seems to be empty. Check the route 53 DNS Registry
2024-04-10T00:40:41.712-03:00  INFO [discovery-service, , ] 25056 --- [discovery-service] [           main] [                                                 ] c.n.e.registry.AbstractInstanceRegistry  : Finished initializing remote region registries. All known remote regions: []
2024-04-10T00:40:41.716-03:00  INFO [discovery-service, , ] 25056 --- [discovery-service] [           main] [                                                 ] c.n.eureka.DefaultEurekaServerContext    : Initialized
2024-04-10T00:40:42.132-03:00  INFO [discovery-service, , ] 25056 --- [discovery-service] [           main] [                                                 ] o.s.b.a.e.web.EndpointLinksResolver      : Exposing 1 endpoint(s) beneath base path '/actuator'
2024-04-10T00:40:42.249-03:00  INFO [discovery-service, , ] 25056 --- [discovery-service] [           main] [                                                 ] o.s.c.n.e.s.EurekaServiceRegistry        : Registering application DISCOVERY-SERVICE with eureka with status UP
2024-04-10T00:40:42.291-03:00  INFO [discovery-service, , ] 25056 --- [discovery-service] [           main] [                                                 ] c.s.d.DiscoveryServerApplicationTests    : Started DiscoveryServerApplicationTests in 11.699 seconds (process running for 16.211)
2024-04-10T00:40:42.344-03:00  INFO [discovery-service, , ] 25056 --- [discovery-service] [      Thread-11] [                                                 ] o.s.c.n.e.server.EurekaServerBootstrap   : isAws returned false
2024-04-10T00:40:42.345-03:00  INFO [discovery-service, , ] 25056 --- [discovery-service] [      Thread-11] [                                                 ] o.s.c.n.e.server.EurekaServerBootstrap   : Initialized server context
2024-04-10T00:40:42.346-03:00  INFO [discovery-service, , ] 25056 --- [discovery-service] [      Thread-11] [                                                 ] c.n.e.r.PeerAwareInstanceRegistryImpl    : Got 1 instances from neighboring DS node
2024-04-10T00:40:42.349-03:00  INFO [discovery-service, , ] 25056 --- [discovery-service] [      Thread-11] [                                                 ] c.n.e.r.PeerAwareInstanceRegistryImpl    : Renew threshold is: 1
2024-04-10T00:40:42.350-03:00  INFO [discovery-service, , ] 25056 --- [discovery-service] [      Thread-11] [                                                 ] c.n.e.r.PeerAwareInstanceRegistryImpl    : Changing status to UP
2024-04-10T00:40:42.435-03:00  INFO [discovery-service, , ] 25056 --- [discovery-service] [      Thread-11] [                                                 ] e.s.EurekaServerInitializerConfiguration : Started Eureka Server
]]></system-out>
    <system-err><![CDATA[WARNING: A Java agent has been loaded dynamically (C:\Users\Juanem\.m2\repository\net\bytebuddy\byte-buddy-agent\1.14.12\byte-buddy-agent-1.14.12.jar)
WARNING: If a serviceability tool is in use, please run with -XX:+EnableDynamicAgentLoading to hide this warning
WARNING: If a serviceability tool is not in use, please run with -Djdk.instrument.traceUsage for more information
WARNING: Dynamic loading of agents will be disallowed by default in a future release
]]></system-err>
  </testcase>
</testsuite>